{"/Users/margarita/Projects/github-release-notifier/src/integrations/github/github.client.ts": {"path":"/Users/margarita/Projects/github-release-notifier/src/integrations/github/github.client.ts","statementMap":{"0":{"start":{"line":1,"column":17},"end":{"line":1,"column":41}},"1":{"start":{"line":4,"column":12},"end":{"line":4,"column":45}},"2":{"start":{"line":7,"column":8},"end":{"line":9,"column":10}},"3":{"start":{"line":13,"column":20},"end":{"line":15,"column":10}},"4":{"start":{"line":17,"column":8},"end":{"line":17,"column":45}},"5":{"start":{"line":17,"column":32},"end":{"line":17,"column":45}},"6":{"start":{"line":19,"column":8},"end":{"line":21,"column":9}},"7":{"start":{"line":20,"column":12},"end":{"line":20,"column":58}},"8":{"start":{"line":23,"column":8},"end":{"line":25,"column":9}},"9":{"start":{"line":24,"column":12},"end":{"line":24,"column":59}},"10":{"start":{"line":27,"column":8},"end":{"line":27,"column":20}},"11":{"start":{"line":31,"column":20},"end":{"line":33,"column":10}},"12":{"start":{"line":35,"column":8},"end":{"line":35,"column":null}},"13":{"start":{"line":35,"column":32},"end":{"line":35,"column":null}},"14":{"start":{"line":37,"column":8},"end":{"line":43,"column":9}},"15":{"start":{"line":38,"column":25},"end":{"line":38,"column":41}},"16":{"start":{"line":39,"column":31},"end":{"line":39,"column":46}},"17":{"start":{"line":40,"column":12},"end":{"line":40,"column":null}},"18":{"start":{"line":41,"column":12},"end":{"line":41,"column":null}},"19":{"start":{"line":42,"column":12},"end":{"line":42,"column":null}},"20":{"start":{"line":45,"column":21},"end":{"line":45,"column":37}},"21":{"start":{"line":47,"column":8},"end":{"line":50,"column":null}},"22":{"start":{"line":3,"column":0},"end":{"line":3,"column":13}}},"fnMap":{"0":{"name":"(anonymous_0)","decl":{"start":{"line":3,"column":0},"end":{"line":3,"column":13}},"loc":{"start":{"line":3,"column":0},"end":{"line":53,"column":1}}},"1":{"name":"(anonymous_1)","decl":{"start":{"line":6,"column":4},"end":{"line":6,"column":16}},"loc":{"start":{"line":6,"column":23},"end":{"line":10,"column":5}}},"2":{"name":"(anonymous_2)","decl":{"start":{"line":12,"column":4},"end":{"line":12,"column":9}},"loc":{"start":{"line":12,"column":37},"end":{"line":28,"column":5}}},"3":{"name":"(anonymous_3)","decl":{"start":{"line":30,"column":4},"end":{"line":30,"column":9}},"loc":{"start":{"line":30,"column":43},"end":{"line":52,"column":5}}}},"branchMap":{"0":{"loc":{"start":{"line":8,"column":16},"end":{"line":8,"column":71}},"type":"binary-expr","locations":[{"start":{"line":8,"column":16},"end":{"line":8,"column":26}},{"start":{"line":8,"column":30},"end":{"line":8,"column":71}}]},"1":{"loc":{"start":{"line":17,"column":8},"end":{"line":17,"column":45}},"type":"if","locations":[{"start":{"line":17,"column":8},"end":{"line":17,"column":45}},{"start":{},"end":{}}]},"2":{"loc":{"start":{"line":19,"column":8},"end":{"line":21,"column":9}},"type":"if","locations":[{"start":{"line":19,"column":8},"end":{"line":21,"column":9}},{"start":{},"end":{}}]},"3":{"loc":{"start":{"line":23,"column":8},"end":{"line":25,"column":9}},"type":"if","locations":[{"start":{"line":23,"column":8},"end":{"line":25,"column":9}},{"start":{},"end":{}}]},"4":{"loc":{"start":{"line":35,"column":8},"end":{"line":35,"column":null}},"type":"if","locations":[{"start":{"line":35,"column":8},"end":{"line":35,"column":null}},{"start":{},"end":{}}]},"5":{"loc":{"start":{"line":37,"column":8},"end":{"line":43,"column":9}},"type":"if","locations":[{"start":{"line":37,"column":8},"end":{"line":43,"column":9}},{"start":{},"end":{}}]},"6":{"loc":{"start":{"line":48,"column":17},"end":{"line":48,"column":38}},"type":"binary-expr","locations":[{"start":{"line":48,"column":17},"end":{"line":48,"column":30}},{"start":{"line":48,"column":34},"end":{"line":48,"column":38}}]}},"s":{"0":2,"1":2,"2":6,"3":3,"4":3,"5":2,"6":1,"7":0,"8":1,"9":0,"10":1,"11":3,"12":3,"13":2,"14":1,"15":0,"16":0,"17":0,"18":0,"19":0,"20":1,"21":1,"22":2},"f":{"0":2,"1":6,"2":3,"3":3},"b":{"0":[6,0],"1":[2,1],"2":[0,1],"3":[0,1],"4":[2,1],"5":[0,1],"6":[1,0]}}
,"/Users/margarita/Projects/github-release-notifier/src/integrations/mail/mail.client.ts": {"path":"/Users/margarita/Projects/github-release-notifier/src/integrations/mail/mail.client.ts","statementMap":{"0":{"start":{"line":1,"column":0},"end":{"line":1,"column":35}},"1":{"start":{"line":4,"column":10},"end":{"line":12,"column":null}},"2":{"start":{"line":19,"column":4},"end":{"line":22,"column":null}},"3":{"start":{"line":3,"column":0},"end":{"line":3,"column":13}}},"fnMap":{"0":{"name":"(anonymous_1)","decl":{"start":{"line":3,"column":0},"end":{"line":3,"column":13}},"loc":{"start":{"line":3,"column":0},"end":{"line":24,"column":1}}},"1":{"name":"(anonymous_2)","decl":{"start":{"line":14,"column":2},"end":{"line":14,"column":7}},"loc":{"start":{"line":18,"column":3},"end":{"line":23,"column":3}}}},"branchMap":{},"s":{"0":1,"1":1,"2":0,"3":1},"f":{"0":1,"1":0},"b":{}}
,"/Users/margarita/Projects/github-release-notifier/src/modules/notification/notification.service.ts": {"path":"/Users/margarita/Projects/github-release-notifier/src/modules/notification/notification.service.ts","statementMap":{"0":{"start":{"line":1,"column":0},"end":{"line":1,"column":79}},"1":{"start":{"line":2,"column":0},"end":{"line":2,"column":45}},"2":{"start":{"line":3,"column":0},"end":{"line":3,"column":64}},"3":{"start":{"line":4,"column":0},"end":{"line":4,"column":53}},"4":{"start":{"line":6,"column":21},"end":{"line":6,"column":22}},"5":{"start":{"line":7,"column":27},"end":{"line":7,"column":41}},"6":{"start":{"line":8,"column":23},"end":{"line":8,"column":42}},"7":{"start":{"line":19,"column":4},"end":{"line":19,"column":null}},"8":{"start":{"line":20,"column":4},"end":{"line":20,"column":null}},"9":{"start":{"line":17,"column":0},"end":{"line":17,"column":13}},"10":{"start":{"line":25,"column":22},"end":{"line":25,"column":29}},"11":{"start":{"line":27,"column":10},"end":{"line":27,"column":null}},"12":{"start":{"line":28,"column":10},"end":{"line":28,"column":null}},"13":{"start":{"line":31,"column":4},"end":{"line":31,"column":null}},"14":{"start":{"line":35,"column":4},"end":{"line":35,"column":null}},"15":{"start":{"line":39,"column":4},"end":{"line":39,"column":null}},"16":{"start":{"line":40,"column":4},"end":{"line":40,"column":null}},"17":{"start":{"line":44,"column":4},"end":{"line":44,"column":null}},"18":{"start":{"line":45,"column":4},"end":{"line":45,"column":null}},"19":{"start":{"line":49,"column":4},"end":{"line":52,"column":5}},"20":{"start":{"line":50,"column":6},"end":{"line":50,"column":null}},"21":{"start":{"line":51,"column":6},"end":{"line":51,"column":12}},"22":{"start":{"line":54,"column":4},"end":{"line":90,"column":5}},"23":{"start":{"line":55,"column":19},"end":{"line":58,"column":null}},"24":{"start":{"line":61,"column":6},"end":{"line":65,"column":null}},"25":{"start":{"line":67,"column":6},"end":{"line":74,"column":null}},"26":{"start":{"line":76,"column":6},"end":{"line":87,"column":7}},"27":{"start":{"line":77,"column":8},"end":{"line":83,"column":null}},"28":{"start":{"line":85,"column":8},"end":{"line":85,"column":null}},"29":{"start":{"line":86,"column":8},"end":{"line":86,"column":null}},"30":{"start":{"line":89,"column":6},"end":{"line":89,"column":null}},"31":{"start":{"line":94,"column":21},"end":{"line":94,"column":37}},"32":{"start":{"line":95,"column":20},"end":{"line":95,"column":47}},"33":{"start":{"line":97,"column":4},"end":{"line":107,"column":null}},"34":{"start":{"line":111,"column":4},"end":{"line":117,"column":null}},"35":{"start":{"line":121,"column":4},"end":{"line":128,"column":null}},"36":{"start":{"line":132,"column":4},"end":{"line":132,"column":null}},"37":{"start":{"line":132,"column":49},"end":{"line":132,"column":null}},"38":{"start":{"line":133,"column":4},"end":{"line":133,"column":null}},"39":{"start":{"line":24,"column":0},"end":{"line":24,"column":13}}},"fnMap":{"0":{"name":"(anonymous_0)","decl":{"start":{"line":18,"column":2},"end":{"line":18,"column":14}},"loc":{"start":{"line":18,"column":58},"end":{"line":21,"column":3}}},"1":{"name":"(anonymous_1)","decl":{"start":{"line":25,"column":2},"end":{"line":25,"column":22}},"loc":{"start":{"line":25,"column":45},"end":{"line":25,"column":49}}},"2":{"name":"(anonymous_2)","decl":{"start":{"line":30,"column":2},"end":{"line":30,"column":15}},"loc":{"start":{"line":30,"column":32},"end":{"line":32,"column":3}}},"3":{"name":"(anonymous_3)","decl":{"start":{"line":34,"column":2},"end":{"line":34,"column":17}},"loc":{"start":{"line":34,"column":17},"end":{"line":36,"column":3}}},"4":{"name":"(anonymous_4)","decl":{"start":{"line":38,"column":2},"end":{"line":38,"column":14}},"loc":{"start":{"line":38,"column":14},"end":{"line":41,"column":3}}},"5":{"name":"(anonymous_5)","decl":{"start":{"line":43,"column":2},"end":{"line":43,"column":19}},"loc":{"start":{"line":43,"column":36},"end":{"line":46,"column":3}}},"6":{"name":"(anonymous_6)","decl":{"start":{"line":48,"column":2},"end":{"line":48,"column":7}},"loc":{"start":{"line":48,"column":48},"end":{"line":91,"column":3}}},"7":{"name":"(anonymous_7)","decl":{"start":{"line":93,"column":10},"end":{"line":93,"column":15}},"loc":{"start":{"line":93,"column":64},"end":{"line":108,"column":3}}},"8":{"name":"(anonymous_8)","decl":{"start":{"line":110,"column":10},"end":{"line":110,"column":15}},"loc":{"start":{"line":110,"column":52},"end":{"line":118,"column":3}}},"9":{"name":"(anonymous_9)","decl":{"start":{"line":120,"column":10},"end":{"line":120,"column":26}},"loc":{"start":{"line":120,"column":37},"end":{"line":129,"column":3}}},"10":{"name":"(anonymous_10)","decl":{"start":{"line":131,"column":10},"end":{"line":131,"column":25}},"loc":{"start":{"line":131,"column":40},"end":{"line":134,"column":3}}}},"branchMap":{"0":{"loc":{"start":{"line":18,"column":14},"end":{"line":18,"column":58}},"type":"default-arg","locations":[{"start":{"line":18,"column":24},"end":{"line":18,"column":58}}]},"1":{"loc":{"start":{"line":25,"column":22},"end":{"line":25,"column":45}},"type":"default-arg","locations":[{"start":{"line":25,"column":29},"end":{"line":25,"column":45}}]},"2":{"loc":{"start":{"line":30,"column":16},"end":{"line":30,"column":32}},"type":"default-arg","locations":[{"start":{"line":30,"column":22},"end":{"line":30,"column":32}}]},"3":{"loc":{"start":{"line":31,"column":11},"end":{"line":31,"column":64}},"type":"binary-expr","locations":[{"start":{"line":31,"column":11},"end":{"line":31,"column":37}},{"start":{"line":31,"column":41},"end":{"line":31,"column":64}}]},"4":{"loc":{"start":{"line":43,"column":20},"end":{"line":43,"column":36}},"type":"default-arg","locations":[{"start":{"line":43,"column":26},"end":{"line":43,"column":36}}]},"5":{"loc":{"start":{"line":49,"column":4},"end":{"line":52,"column":5}},"type":"if","locations":[{"start":{"line":49,"column":4},"end":{"line":52,"column":5}},{"start":{},"end":{}}]},"6":{"loc":{"start":{"line":76,"column":6},"end":{"line":87,"column":7}},"type":"if","locations":[{"start":{"line":76,"column":6},"end":{"line":87,"column":7}},{"start":{},"end":{}}]},"7":{"loc":{"start":{"line":101,"column":10},"end":{"line":103,"column":40}},"type":"cond-expr","locations":[{"start":{"line":102,"column":14},"end":{"line":102,"column":39}},{"start":{"line":103,"column":14},"end":{"line":103,"column":40}}]},"8":{"loc":{"start":{"line":122,"column":6},"end":{"line":127,"column":56}},"type":"binary-expr","locations":[{"start":{"line":122,"column":6},"end":{"line":122,"column":33}},{"start":{"line":123,"column":6},"end":{"line":123,"column":33}},{"start":{"line":124,"column":6},"end":{"line":124,"column":33}},{"start":{"line":125,"column":6},"end":{"line":125,"column":60}},{"start":{"line":126,"column":6},"end":{"line":126,"column":58}},{"start":{"line":127,"column":6},"end":{"line":127,"column":56}}]},"9":{"loc":{"start":{"line":132,"column":4},"end":{"line":132,"column":null}},"type":"if","locations":[{"start":{"line":132,"column":4},"end":{"line":132,"column":null}},{"start":{},"end":{}}]},"10":{"loc":{"start":{"line":132,"column":8},"end":{"line":132,"column":47}},"type":"binary-expr","locations":[{"start":{"line":132,"column":8},"end":{"line":132,"column":30}},{"start":{"line":132,"column":34},"end":{"line":132,"column":47}}]}},"s":{"0":1,"1":1,"2":1,"3":1,"4":1,"5":1,"6":1,"7":2,"8":2,"9":1,"10":9,"11":9,"12":9,"13":2,"14":2,"15":1,"16":1,"17":4,"18":4,"19":7,"20":1,"21":1,"22":6,"23":6,"24":6,"25":1,"26":5,"27":2,"28":2,"29":2,"30":3,"31":3,"32":3,"33":3,"34":1,"35":5,"36":3,"37":2,"38":1,"39":1},"f":{"0":2,"1":9,"2":2,"3":2,"4":1,"5":4,"6":7,"7":3,"8":1,"9":5,"10":3},"b":{"0":[2],"1":[9],"2":[0],"3":[2,2],"4":[3],"5":[1,6],"6":[2,3],"7":[1,2],"8":[5,4,4,4,4,3],"9":[2,1],"10":[3,2]}}
,"/Users/margarita/Projects/github-release-notifier/src/modules/notification/templates/confirm.ts": {"path":"/Users/margarita/Projects/github-release-notifier/src/modules/notification/templates/confirm.ts","statementMap":{"0":{"start":{"line":3,"column":0},"end":{"line":3,"column":16}},"1":{"start":{"line":1,"column":17},"end":{"line":1,"column":36}},"2":{"start":{"line":4,"column":2},"end":{"line":16,"column":null}}},"fnMap":{"0":{"name":"confirmEmailTemplate","decl":{"start":{"line":3,"column":16},"end":{"line":3,"column":36}},"loc":{"start":{"line":3,"column":50},"end":{"line":17,"column":1}}}},"branchMap":{},"s":{"0":1,"1":1,"2":2},"f":{"0":2},"b":{}}
,"/Users/margarita/Projects/github-release-notifier/src/modules/notification/templates/release.ts": {"path":"/Users/margarita/Projects/github-release-notifier/src/modules/notification/templates/release.ts","statementMap":{"0":{"start":{"line":1,"column":0},"end":{"line":1,"column":16}},"1":{"start":{"line":6,"column":4},"end":{"line":16,"column":null}}},"fnMap":{"0":{"name":"releaseTemplate","decl":{"start":{"line":1,"column":16},"end":{"line":1,"column":31}},"loc":{"start":{"line":4,"column":28},"end":{"line":17,"column":1}}}},"branchMap":{},"s":{"0":1,"1":6},"f":{"0":6},"b":{}}
,"/Users/margarita/Projects/github-release-notifier/src/modules/subscription/subscription.service.ts": {"path":"/Users/margarita/Projects/github-release-notifier/src/modules/subscription/subscription.service.ts","statementMap":{"0":{"start":{"line":1,"column":0},"end":{"line":1,"column":45}},"1":{"start":{"line":2,"column":0},"end":{"line":2,"column":70}},"2":{"start":{"line":3,"column":0},"end":{"line":3,"column":64}},"3":{"start":{"line":4,"column":0},"end":{"line":4,"column":27}},"4":{"start":{"line":5,"column":0},"end":{"line":5,"column":72}},"5":{"start":{"line":7,"column":21},"end":{"line":7,"column":39}},"6":{"start":{"line":8,"column":13},"end":{"line":8,"column":29}},"7":{"start":{"line":12,"column":16},"end":{"line":12,"column":31}},"8":{"start":{"line":13,"column":16},"end":{"line":13,"column":23}},"9":{"start":{"line":20,"column":8},"end":{"line":22,"column":9}},"10":{"start":{"line":21,"column":12},"end":{"line":21,"column":null}},"11":{"start":{"line":25,"column":23},"end":{"line":25,"column":67}},"12":{"start":{"line":26,"column":8},"end":{"line":28,"column":9}},"13":{"start":{"line":27,"column":12},"end":{"line":27,"column":null}},"14":{"start":{"line":31,"column":25},"end":{"line":33,"column":10}},"15":{"start":{"line":35,"column":8},"end":{"line":44,"column":9}},"16":{"start":{"line":36,"column":30},"end":{"line":36,"column":86}},"17":{"start":{"line":38,"column":12},"end":{"line":43,"column":null}},"18":{"start":{"line":47,"column":25},"end":{"line":54,"column":10}},"19":{"start":{"line":56,"column":8},"end":{"line":74,"column":9}},"20":{"start":{"line":57,"column":12},"end":{"line":59,"column":13}},"21":{"start":{"line":58,"column":16},"end":{"line":58,"column":null}},"22":{"start":{"line":61,"column":12},"end":{"line":63,"column":13}},"23":{"start":{"line":62,"column":16},"end":{"line":62,"column":null}},"24":{"start":{"line":64,"column":12},"end":{"line":73,"column":13}},"25":{"start":{"line":65,"column":16},"end":{"line":72,"column":null}},"26":{"start":{"line":77,"column":29},"end":{"line":77,"column":48}},"27":{"start":{"line":78,"column":33},"end":{"line":78,"column":52}},"28":{"start":{"line":81,"column":29},"end":{"line":88,"column":10}},"29":{"start":{"line":91,"column":8},"end":{"line":99,"column":9}},"30":{"start":{"line":92,"column":12},"end":{"line":96,"column":null}},"31":{"start":{"line":98,"column":12},"end":{"line":98,"column":null}},"32":{"start":{"line":101,"column":8},"end":{"line":101,"column":null}},"33":{"start":{"line":106,"column":29},"end":{"line":108,"column":10}},"34":{"start":{"line":110,"column":8},"end":{"line":112,"column":9}},"35":{"start":{"line":111,"column":12},"end":{"line":111,"column":null}},"36":{"start":{"line":114,"column":8},"end":{"line":116,"column":9}},"37":{"start":{"line":115,"column":12},"end":{"line":115,"column":null}},"38":{"start":{"line":118,"column":8},"end":{"line":124,"column":null}},"39":{"start":{"line":129,"column":29},"end":{"line":131,"column":10}},"40":{"start":{"line":133,"column":8},"end":{"line":135,"column":9}},"41":{"start":{"line":134,"column":12},"end":{"line":134,"column":null}},"42":{"start":{"line":137,"column":8},"end":{"line":139,"column":9}},"43":{"start":{"line":138,"column":12},"end":{"line":138,"column":null}},"44":{"start":{"line":141,"column":8},"end":{"line":147,"column":null}},"45":{"start":{"line":152,"column":8},"end":{"line":160,"column":null}},"46":{"start":{"line":10,"column":0},"end":{"line":10,"column":13}}},"fnMap":{"0":{"name":"(anonymous_1)","decl":{"start":{"line":11,"column":4},"end":{"line":11,"column":null}},"loc":{"start":{"line":13,"column":39},"end":{"line":14,"column":9}}},"1":{"name":"(anonymous_2)","decl":{"start":{"line":18,"column":4},"end":{"line":18,"column":9}},"loc":{"start":{"line":18,"column":60},"end":{"line":102,"column":5}}},"2":{"name":"(anonymous_3)","decl":{"start":{"line":105,"column":4},"end":{"line":105,"column":9}},"loc":{"start":{"line":105,"column":43},"end":{"line":125,"column":5}}},"3":{"name":"(anonymous_4)","decl":{"start":{"line":128,"column":4},"end":{"line":128,"column":9}},"loc":{"start":{"line":128,"column":35},"end":{"line":148,"column":5}}},"4":{"name":"(anonymous_5)","decl":{"start":{"line":151,"column":4},"end":{"line":151,"column":9}},"loc":{"start":{"line":151,"column":40},"end":{"line":161,"column":5}}}},"branchMap":{"0":{"loc":{"start":{"line":12,"column":16},"end":{"line":12,"column":49}},"type":"default-arg","locations":[{"start":{"line":12,"column":31},"end":{"line":12,"column":49}}]},"1":{"loc":{"start":{"line":13,"column":16},"end":{"line":13,"column":39}},"type":"default-arg","locations":[{"start":{"line":13,"column":23},"end":{"line":13,"column":39}}]},"2":{"loc":{"start":{"line":20,"column":8},"end":{"line":22,"column":9}},"type":"if","locations":[{"start":{"line":20,"column":8},"end":{"line":22,"column":9}},{"start":{},"end":{}}]},"3":{"loc":{"start":{"line":26,"column":8},"end":{"line":28,"column":9}},"type":"if","locations":[{"start":{"line":26,"column":8},"end":{"line":28,"column":9}},{"start":{},"end":{}}]},"4":{"loc":{"start":{"line":35,"column":8},"end":{"line":44,"column":9}},"type":"if","locations":[{"start":{"line":35,"column":8},"end":{"line":44,"column":9}},{"start":{},"end":{}}]},"5":{"loc":{"start":{"line":56,"column":8},"end":{"line":74,"column":9}},"type":"if","locations":[{"start":{"line":56,"column":8},"end":{"line":74,"column":9}},{"start":{},"end":{}}]},"6":{"loc":{"start":{"line":57,"column":12},"end":{"line":59,"column":13}},"type":"if","locations":[{"start":{"line":57,"column":12},"end":{"line":59,"column":13}},{"start":{},"end":{}}]},"7":{"loc":{"start":{"line":61,"column":12},"end":{"line":63,"column":13}},"type":"if","locations":[{"start":{"line":61,"column":12},"end":{"line":63,"column":13}},{"start":{},"end":{}}]},"8":{"loc":{"start":{"line":64,"column":12},"end":{"line":73,"column":13}},"type":"if","locations":[{"start":{"line":64,"column":12},"end":{"line":73,"column":13}},{"start":{},"end":{}}]},"9":{"loc":{"start":{"line":98,"column":63},"end":{"line":98,"column":82}},"type":"binary-expr","locations":[{"start":{"line":98,"column":63},"end":{"line":98,"column":75}},{"start":{"line":98,"column":79},"end":{"line":98,"column":82}}]},"10":{"loc":{"start":{"line":110,"column":8},"end":{"line":112,"column":9}},"type":"if","locations":[{"start":{"line":110,"column":8},"end":{"line":112,"column":9}},{"start":{},"end":{}}]},"11":{"loc":{"start":{"line":114,"column":8},"end":{"line":116,"column":9}},"type":"if","locations":[{"start":{"line":114,"column":8},"end":{"line":116,"column":9}},{"start":{},"end":{}}]},"12":{"loc":{"start":{"line":133,"column":8},"end":{"line":135,"column":9}},"type":"if","locations":[{"start":{"line":133,"column":8},"end":{"line":135,"column":9}},{"start":{},"end":{}}]},"13":{"loc":{"start":{"line":137,"column":8},"end":{"line":139,"column":9}},"type":"if","locations":[{"start":{"line":137,"column":8},"end":{"line":139,"column":9}},{"start":{},"end":{}}]}},"s":{"0":1,"1":1,"2":1,"3":1,"4":1,"5":1,"6":1,"7":11,"8":11,"9":7,"10":1,"11":6,"12":6,"13":1,"14":5,"15":5,"16":1,"17":1,"18":5,"19":5,"20":3,"21":1,"22":2,"23":1,"24":1,"25":1,"26":2,"27":2,"28":2,"29":2,"30":2,"31":1,"32":2,"33":2,"34":2,"35":1,"36":1,"37":0,"38":1,"39":1,"40":1,"41":0,"42":1,"43":0,"44":1,"45":1,"46":1},"f":{"0":11,"1":7,"2":2,"3":1,"4":1},"b":{"0":[0],"1":[0],"2":[1,6],"3":[1,5],"4":[1,4],"5":[3,2],"6":[1,2],"7":[1,1],"8":[1,0],"9":[1,0],"10":[1,1],"11":[0,1],"12":[0,1],"13":[0,1]}}
}
