TN:
SF:src/integrations/github/github.client.ts
FN:3,(anonymous_0)
FN:6,(anonymous_1)
FN:12,(anonymous_2)
FN:30,(anonymous_3)
FNF:4
FNH:4
FNDA:2,(anonymous_0)
FNDA:6,(anonymous_1)
FNDA:3,(anonymous_2)
FNDA:3,(anonymous_3)
DA:1,2
DA:3,2
DA:4,2
DA:7,6
DA:13,3
DA:17,3
DA:19,1
DA:20,0
DA:23,1
DA:24,0
DA:27,1
DA:31,3
DA:35,3
DA:37,1
DA:38,0
DA:39,0
DA:40,0
DA:41,0
DA:42,0
DA:45,1
DA:47,1
LF:21
LH:14
BRDA:8,0,0,6
BRDA:8,0,1,0
BRDA:17,1,0,2
BRDA:17,1,1,1
BRDA:19,2,0,0
BRDA:19,2,1,1
BRDA:23,3,0,0
BRDA:23,3,1,1
BRDA:35,4,0,2
BRDA:35,4,1,1
BRDA:37,5,0,0
BRDA:37,5,1,1
BRDA:48,6,0,1
BRDA:48,6,1,0
BRF:14
BRH:9
end_of_record
TN:
SF:src/integrations/mail/mail.client.ts
FN:3,(anonymous_1)
FN:14,(anonymous_2)
FNF:2
FNH:1
FNDA:1,(anonymous_1)
FNDA:0,(anonymous_2)
DA:1,1
DA:3,1
DA:4,1
DA:19,0
LF:4
LH:3
BRF:0
BRH:0
end_of_record
TN:
SF:src/modules/notification/notification.service.ts
FN:18,(anonymous_0)
FN:25,(anonymous_1)
FN:30,(anonymous_2)
FN:34,(anonymous_3)
FN:38,(anonymous_4)
FN:43,(anonymous_5)
FN:48,(anonymous_6)
FN:93,(anonymous_7)
FN:110,(anonymous_8)
FN:120,(anonymous_9)
FN:131,(anonymous_10)
FNF:11
FNH:11
FNDA:2,(anonymous_0)
FNDA:9,(anonymous_1)
FNDA:2,(anonymous_2)
FNDA:2,(anonymous_3)
FNDA:1,(anonymous_4)
FNDA:4,(anonymous_5)
FNDA:7,(anonymous_6)
FNDA:3,(anonymous_7)
FNDA:1,(anonymous_8)
FNDA:5,(anonymous_9)
FNDA:3,(anonymous_10)
DA:1,1
DA:2,1
DA:3,1
DA:4,1
DA:6,1
DA:7,1
DA:8,1
DA:17,1
DA:19,2
DA:20,2
DA:24,1
DA:25,9
DA:27,9
DA:28,9
DA:31,2
DA:35,2
DA:39,1
DA:40,1
DA:44,4
DA:45,4
DA:49,7
DA:50,1
DA:51,1
DA:54,6
DA:55,6
DA:61,6
DA:67,1
DA:76,5
DA:77,2
DA:85,2
DA:86,2
DA:89,3
DA:94,3
DA:95,3
DA:97,3
DA:111,1
DA:121,5
DA:132,3
DA:133,1
LF:39
LH:39
BRDA:18,0,0,2
BRDA:25,1,0,9
BRDA:30,2,0,0
BRDA:31,3,0,2
BRDA:31,3,1,2
BRDA:43,4,0,3
BRDA:49,5,0,1
BRDA:49,5,1,6
BRDA:76,6,0,2
BRDA:76,6,1,3
BRDA:101,7,0,1
BRDA:101,7,1,2
BRDA:122,8,0,5
BRDA:122,8,1,4
BRDA:122,8,2,4
BRDA:122,8,3,4
BRDA:122,8,4,4
BRDA:122,8,5,3
BRDA:132,9,0,2
BRDA:132,9,1,1
BRDA:132,10,0,3
BRDA:132,10,1,2
BRF:22
BRH:21
end_of_record
TN:
SF:src/modules/notification/templates/confirm.ts
FN:3,confirmEmailTemplate
FNF:1
FNH:1
FNDA:2,confirmEmailTemplate
DA:1,1
DA:3,1
DA:4,2
LF:3
LH:3
BRF:0
BRH:0
end_of_record
TN:
SF:src/modules/notification/templates/release.ts
FN:1,releaseTemplate
FNF:1
FNH:1
FNDA:6,releaseTemplate
DA:1,1
DA:6,6
LF:2
LH:2
BRF:0
BRH:0
end_of_record
TN:
SF:src/modules/subscription/subscription.service.ts
FN:11,(anonymous_1)
FN:18,(anonymous_2)
FN:105,(anonymous_3)
FN:128,(anonymous_4)
FN:151,(anonymous_5)
FNF:5
FNH:5
FNDA:11,(anonymous_1)
FNDA:7,(anonymous_2)
FNDA:2,(anonymous_3)
FNDA:1,(anonymous_4)
FNDA:1,(anonymous_5)
DA:1,1
DA:2,1
DA:3,1
DA:4,1
DA:5,1
DA:7,1
DA:8,1
DA:10,1
DA:12,11
DA:13,11
DA:20,7
DA:21,1
DA:25,6
DA:26,6
DA:27,1
DA:31,5
DA:35,5
DA:36,1
DA:38,1
DA:47,5
DA:56,5
DA:57,3
DA:58,1
DA:61,2
DA:62,1
DA:64,1
DA:65,1
DA:77,2
DA:78,2
DA:81,2
DA:91,2
DA:92,2
DA:98,1
DA:101,2
DA:106,2
DA:110,2
DA:111,1
DA:114,1
DA:115,0
DA:118,1
DA:129,1
DA:133,1
DA:134,0
DA:137,1
DA:138,0
DA:141,1
DA:152,1
LF:47
LH:44
BRDA:12,0,0,0
BRDA:13,1,0,0
BRDA:20,2,0,1
BRDA:20,2,1,6
BRDA:26,3,0,1
BRDA:26,3,1,5
BRDA:35,4,0,1
BRDA:35,4,1,4
BRDA:56,5,0,3
BRDA:56,5,1,2
BRDA:57,6,0,1
BRDA:57,6,1,2
BRDA:61,7,0,1
BRDA:61,7,1,1
BRDA:64,8,0,1
BRDA:64,8,1,0
BRDA:98,9,0,1
BRDA:98,9,1,0
BRDA:110,10,0,1
BRDA:110,10,1,1
BRDA:114,11,0,0
BRDA:114,11,1,1
BRDA:133,12,0,0
BRDA:133,12,1,1
BRDA:137,13,0,0
BRDA:137,13,1,1
BRF:26
BRH:19
end_of_record
